Agent Group Id: 025000000000002
Agent Group Name: Informatica Cloud Hosted Agent
Agent Id: 00800000000003U
Task Name: Budget Phone
Task Type: MTT_TEST
Task Id: 0124HE0Z000000000002
Run Id: 2
Service Id: 960377
Started By: saikrishna_balaji
Run Context Type: ICS_UI
06/19/2023 01:44:30 **** Importing Connection: Conn_0124HE0B000000000002 ...
06/19/2023 01:44:30 **** Importing Source Definition: Phones ...
06/19/2023 01:44:30 **** Importing Target Definition: Budget_Phones_Saikrishna ...
06/19/2023 01:44:30 **** Importing SessionConfig: default_session_config ...
    <Warning> :  The Error Log DB Connection value should have Relational: as the prefix.
    <Warning> :  Invalid value  for attribute Error Log DB Connection. Will use the default value 
    Validating Source Definition  Phones...
    Validating Target Definition  Budget_Phones_Saikrishna...
06/19/2023 01:44:30 **** Importing Mapping: Mapping0 ...
    <Warning> :  transformation: Source - Invalid value  for attribute Output is repeatable. Will use the default value Never    [transformation< Source > ] 
Validating transformations of mapping Mapping0...
Validating mapping variable(s).
06/19/2023 01:44:30 **** Importing Workflow: wf_mtt_0124HE0Z000000000002 ...
    <Warning> :  Invalid value None for attribute Pushdown Optimization Context. Will use the default value None     [Session< s_mtt_0124HE0Z000000000002 > ] 
    <Warning> :  The value entered is not a valid integer.
    <Warning> :  Invalid value NO for attribute Fail task after wait time. Will use the default value 
Successfully extracted session instance [s_mtt_0124HE0Z000000000002].  Starting repository sequence id is [550996182]
DIRECTOR> VAR_27085 [2023-06-19 01:44:30.166] Parameter file [/data2/home/cldagnt/SystemAgent/apps/Data_Integration_Server/data/0124HE0E00000000005M/0124HE/parameters/s_mtt_0124HE0Z000000000002.param] is opened for [session [wf_mtt_0124HE0Z000000000002.s_mtt_0124HE0Z000000000002]].
DIRECTOR> VAR_27062 [2023-06-19 01:44:30.166] Warning! Cannot find section for worklet [wf_mtt_0124HE0Z000000000002] and folder [] in parameter file [/data2/home/cldagnt/SystemAgent/apps/Data_Integration_Server/data/0124HE0E00000000005M/0124HE/parameters/s_mtt_0124HE0Z000000000002.param].
DIRECTOR> TM_6014 [2023-06-19 01:44:30.166] Initializing session [s_mtt_0124HE0Z000000000002] at [Mon Jun 19 01:44:30 2023].
DIRECTOR> TM_6683 [2023-06-19 01:44:30.166] Repository Name: [XMLRepository]
DIRECTOR> TM_6684 [2023-06-19 01:44:30.166] Server Name: [rDTM]
DIRECTOR> TM_6686 [2023-06-19 01:44:30.166] Folder: []
DIRECTOR> TM_6685 [2023-06-19 01:44:30.166] Workflow: [wf_mtt_0124HE0Z000000000002] Run Instance Name: [] Run Id: [0]
DIRECTOR> TM_6992 [2023-06-19 01:44:30.166] Operating System Type [Linux]
DIRECTOR> TM_6101 [2023-06-19 01:44:30.166] Mapping name: Mapping0.
DIRECTOR> TM_6964 [2023-06-19 01:44:30.167] Date format for the Session is [MM/DD/YYYY HH24:MI:SS.US]
DIRECTOR> TM_6703 [2023-06-19 01:44:30.167] Session [s_mtt_0124HE0Z000000000002] is run by 64-bit Integration Service  [], version [10.2.0 HotFix2], build [0320].
MANAGER> PETL_24091 [2023-06-19 01:44:30.178] Thread [MANAGER] has the ID [1].
MANAGER> PETL_24058 [2023-06-19 01:44:30.178] Running Partition Group [1].
MANAGER> PETL_24000 [2023-06-19 01:44:30.179] Parallel Pipeline Engine initializing.
MONITOR> PETL_24091 [2023-06-19 01:44:30.179] Thread [MONITOR] has the ID [2].
MANAGER> PETL_24001 [2023-06-19 01:44:30.179] Parallel Pipeline Engine running.
MANAGER> PETL_24003 [2023-06-19 01:44:30.179] Initializing session run.
MAPPING> PETL_24091 [2023-06-19 01:44:30.179] Thread [MAPPING] has the ID [3].
MAPPING> CMN_1569 [2023-06-19 01:44:30.181] Server Mode: [UNICODE]
MAPPING> CMN_1570 [2023-06-19 01:44:30.181] Server Code page: [ISO 8859-1 Western European]
MAPPING> TM_6151 [2023-06-19 01:44:30.181] The session sort order is [Binary].
MAPPING> TM_6185 [2023-06-19 01:44:30.181] Warning. Code page validation is disabled in this session.
MAPPING> CMN_65110 [2023-06-19 01:44:30.181] Current Timezone:[UTC -5:0]
MAPPING> CMN_65111 [2023-06-19 01:44:30.181] Current Process ID:[15122]
MAPPING> TM_6155 [2023-06-19 01:44:30.181] Using HIGH precision processing.
MAPPING> TM_6180 [2023-06-19 01:44:30.181] Deadlock retry logic will not be implemented.
MAPPING> TM_6187 [2023-06-19 01:44:30.181] Session target-based commit interval is [10000].
MAPPING> TM_6307 [2023-06-19 01:44:30.182] DTM error log disabled. 
MAPPING> TE_7022 [2023-06-19 01:44:30.182] TShmWriter: Initialized
MAPPING> TM_6007 [2023-06-19 01:44:30.183] DTM initialized successfully for session [s_mtt_0124HE0Z000000000002]
DIRECTOR> PETL_24033 [2023-06-19 01:44:30.200] All DTM Connection Info: [<NONE>].
MANAGER> PETL_24004 [2023-06-19 01:44:30.200] Starting pre-session tasks. : (Mon Jun 19 01:44:30 2023)
PRE-SESS> PETL_24091 [2023-06-19 01:44:30.200] Thread [PRE-SESS] has the ID [4].
MANAGER> PETL_24027 [2023-06-19 01:44:30.201] Pre-session task completed successfully. : (Mon Jun 19 01:44:30 2023)
DIRECTOR> PETL_24006 [2023-06-19 01:44:30.201] Starting data movement.
MAPPING> TM_6660 [2023-06-19 01:44:30.202] Total Buffer Pool size is 3936640 bytes and Block size is 216480 bytes.
READER_1_1_1> PETL_24091 [2023-06-19 01:44:30.203] Thread [READER_1_1_1] has the ID [5].
READER_1_1_1> DBG_21438 [2023-06-19 01:44:30.203] Reader: Source is [odbc://dbtype=MySQL;host=db4free.net;port=3306;database=fstm4db], Type [ODBC], User [fstm4db]
READER_1_1_1> BLKR_16051 [2023-06-19 01:44:30.205] Source database connection [Conn_0124HE0B000000000002] code page: [MS Windows Latin 1 (ANSI), superset of Latin1]
READER_1_1_1> CMN_1021 [2023-06-19 01:44:30.205] Database driver event...
CMN_1021 [Driver Manager used is [UnixODBC 2.3.4].]

READER_1_1_1> CMN_1021 [2023-06-19 01:44:32.868] Database driver event...
CMN_1021 [ODBC Event Using array fetches.
ODBC Event Using Single Row Inserts. connect string = [Driver=MySQL ODBC 8.0 Unicode Driver;Server=db4free.net;Database=fstm4db;Port=3306;USER=fstm4db;NO_SSPS=1;stmt=set time_zone = '+00:00';OPTION=3;SSLMODE=DISABLED]. userid = [fstm4db]
ODBC Version:	03.52
.
DBMS Name:	MySQL
.
DBMS Version:	8.0.33
.
Driver Name:	libmyodbc8w.so
.
Driver Version:	08.00.0012
.
Driver ODBC Version:	03.80
.
MySQL rewrite batch optimization is disabled with maximum bind parameter size set to 2500.]

READER_1_1_1> BLKR_16003 [2023-06-19 01:44:32.869] Initialization completed successfully.
TRANSF_1_1_1> PETL_24091 [2023-06-19 01:44:32.869] Thread [TRANSF_1_1_1] has the ID [6].
WRITER_1_*_1> PETL_24091 [2023-06-19 01:44:32.869] Thread [WRITER_1_*_1] has the ID [7].
WRITER_1_*_1> WRT_8147 [2023-06-19 01:44:32.870] Writer: Target is Database [odbc://dbtype=MySQL;host=db4free.net;port=3306;database=fstm4db], Type [ODBC], User [fstm4db], Bulk Mode [OFF]
WRITER_1_*_1> CMN_1021 [2023-06-19 01:44:32.870] Database driver event...
CMN_1021 [Driver Manager used is [UnixODBC 2.3.4].]

WRITER_1_*_1> CMN_1021 [2023-06-19 01:44:40.534] Database driver event...
CMN_1021 [ODBC Event Using array fetches.
ODBC Event Using Single Row Inserts. connect string = [Driver=MySQL ODBC 8.0 Unicode Driver;Server=db4free.net;Database=fstm4db;Port=3306;USER=fstm4db;NO_SSPS=1;stmt=set time_zone = '+00:00';OPTION=3;SSLMODE=DISABLED]. userid = [fstm4db]
ODBC Version:	03.52
.
DBMS Name:	MySQL
.
DBMS Version:	8.0.33
.
Driver Name:	libmyodbc8w.so
.
Driver Version:	08.00.0012
.
Driver ODBC Version:	03.80
.
MySQL rewrite batch optimization is disabled with maximum bind parameter size set to 2500.]

WRITER_1_*_1> WRT_8221 [2023-06-19 01:44:41.125] Target database connection [Conn_0124HE0B000000000002] code page: [MS Windows Latin 1 (ANSI), superset of Latin1]
WRITER_1_*_1> WRT_8124 [2023-06-19 01:44:41.126] Target Table Budget_Phones_Saikrishna :SQL INSERT statement:
INSERT INTO fstm4db.Budget_Phones_Saikrishna(Prod_ID,Prod_Name,Prod_Desc,Prod_Price)  VALUES ( ?, ?, ?, ?) 
WRITER_1_*_1> WRT_8124 [2023-06-19 01:44:41.126] Target Table Budget_Phones_Saikrishna :SQL UPDATE statement:
UPDATE fstm4db.Budget_Phones_Saikrishna SET Prod_Name = ?, Prod_Desc = ?, Prod_Price = ? WHERE Prod_ID = ?
WRITER_1_*_1> WRT_8124 [2023-06-19 01:44:41.126] Target Table Budget_Phones_Saikrishna :SQL DELETE statement:
DELETE FROM fstm4db.Budget_Phones_Saikrishna WHERE Prod_ID = ?
WRITER_1_*_1> WRT_8270 [2023-06-19 01:44:41.126] Target connection group #1 consists of target(s) [Budget_Phones_Saikrishna]
WRITER_1_*_1> WRT_8003 [2023-06-19 01:44:41.126] Writer initialization complete.
WRITER_1_*_1> WRT_8005 [2023-06-19 01:44:41.126] Writer run started.
READER_1_1_1> BLKR_16007 [2023-06-19 01:44:41.126] Reader run started.
WRITER_1_*_1> WRT_8158 [2023-06-19 01:44:41.126] 

*****START LOAD SESSION*****

Load Start Time: Mon Jun 19 01:44:40 2023

Target tables:

     Budget_Phones_Saikrishna


READER_1_1_1> RR_4010 [2023-06-19 01:44:41.126] SQ instance [Source] SQL Query [SELECT fstm4db.Phones.Prod_ID, fstm4db.Phones.Prod_Name, fstm4db.Phones.Prod_Desc, fstm4db.Phones.Prod_Price FROM fstm4db.Phones]
READER_1_1_1> RR_4049 [2023-06-19 01:44:41.126] SQL Query issued to database : (Mon Jun 19 01:44:41 2023)
READER_1_1_1> RR_4050 [2023-06-19 01:44:41.652] First row returned from database to reader : (Mon Jun 19 01:44:41 2023)
READER_1_1_1> BLKR_16019 [2023-06-19 01:44:41.652] Read [100] rows, read [0] error rows for source table [Phones] instance name [Phones]
READER_1_1_1> BLKR_16008 [2023-06-19 01:44:41.652] Reader run completed.
TRANSF_1_1_1> DBG_21216 [2023-06-19 01:44:41.652] Finished transformations for Source Qualifier [Source]. Total errors [0] 
WRITER_1_*_1> WRT_8167 [2023-06-19 01:44:41.653] Start loading table [Budget_Phones_Saikrishna] at: Mon Jun 19 01:44:40 2023
WRITER_1_*_1> WRT_8168 [2023-06-19 01:44:44.566] End loading table [Budget_Phones_Saikrishna] at: Mon Jun 19 01:44:43 2023
WRITER_1_*_1> WRT_8141 [2023-06-19 01:44:44.979] 
Commit on end-of-data  Mon Jun 19 01:44:44 2023
===================================================

WRT_8036 Target: Budget_Phones_Saikrishna (Instance Name: [Budget_Phones_Saikrishna])
WRT_8038 Inserted rows - Requested: 9          Applied: 9          Rejected: 0          Affected: 9         

WRITER_1_*_1> WRT_8035 [2023-06-19 01:44:44.979] Load complete time: Mon Jun 19 01:44:44 2023

LOAD SUMMARY
============

WRT_8036 Target: Budget_Phones_Saikrishna (Instance Name: [Budget_Phones_Saikrishna])
WRT_8038 Inserted rows - Requested: 9          Applied: 9          Rejected: 0          Affected: 9         


WRITER_1_*_1> WRT_8043 [2023-06-19 01:44:44.979] *****END LOAD SESSION*****
WRITER_1_*_1> WRT_8006 [2023-06-19 01:44:45.276] Writer run completed.
MANAGER> PETL_24031 [2023-06-19 01:44:45.277] 
***** RUN INFO FOR TGT LOAD ORDER GROUP [1], CONCURRENT SET [1] *****
Thread [READER_1_1_1] created for [the read stage] of partition point [Source] has completed.
	Total Run Time = [0.821491] secs
	Total Idle Time = [0.000000] secs
	Busy Percentage = [100.000000]
Thread [TRANSF_1_1_1] created for [the transformation stage] of partition point [Source] has completed. The total run time was insufficient for any meaningful statistics.
Thread [WRITER_1_*_1] created for [the write stage] of partition point [Budget_Phones_Saikrishna] has completed.
	Total Run Time = [3.623796] secs
	Total Idle Time = [0.000000] secs
	Busy Percentage = [100.000000]

MANAGER> PETL_24005 [2023-06-19 01:44:45.277] Starting post-session tasks. : (Mon Jun 19 01:44:45 2023)
POST-SESS> PETL_24091 [2023-06-19 01:44:45.278] Thread [POST-SESS] has the ID [8].
MANAGER> PETL_24029 [2023-06-19 01:44:45.278] Post-session task completed successfully. : (Mon Jun 19 01:44:45 2023)
MAPPING> TM_6018 [2023-06-19 01:44:45.278] The session completed with [0] row transformation errors. 
MANAGER> PETL_24002 [2023-06-19 01:44:45.955] Parallel Pipeline Engine finished.
DIRECTOR> PETL_24012 [2023-06-19 01:44:45.955] Session run completed successfully.
DIRECTOR> TM_6022 [2023-06-19 01:44:45.955] 

SESSION LOAD SUMMARY
================================================

DIRECTOR> TM_6252 [2023-06-19 01:44:45.955] Source Load Summary.
DIRECTOR> CMN_1740 [2023-06-19 01:44:45.955] Table: [Source] (Instance Name: [Source] Instance UI Name: [Source])
	 Output Rows [100], Affected Rows [100], Applied Rows [100], Rejected Rows [0]
DIRECTOR> TM_6253 [2023-06-19 01:44:45.955] Target Load Summary.
DIRECTOR> CMN_1740 [2023-06-19 01:44:45.955] Table: [Budget_Phones_Saikrishna] (Instance Name: [Budget_Phones_Saikrishna] Instance UI Name: [Target])
	 Output Rows [9], Affected Rows [9], Applied Rows [9], Rejected Rows [0]
DIRECTOR> TM_6023 [2023-06-19 01:44:45.955] 
===================================================

DIRECTOR> TM_6020 [2023-06-19 01:44:45.955] Session [s_mtt_0124HE0Z000000000002] completed at [Mon Jun 19 01:44:45 2023].
