Agent Group Id: 025000000000002
Agent Group Name: Informatica Cloud Hosted Agent
Agent Id: 00800000000003V
Task Name: Mapping1_Mapping1
Task Type: MTT_TEST
Task Id: 0124HE0Z000000000003
Run Id: 3
Service Id: 960789
Started By: saikrishna_balaji
Run Context Type: ICS_UI
06/19/2023 06:36:38 **** Importing Connection: Conn_0124HE0B000000000002 ...
06/19/2023 06:36:38 **** Importing Source Definition: Cars ...
06/19/2023 06:36:38 **** Importing Target Definition: Max_Car_Prices_Saikrishna ...
06/19/2023 06:36:38 **** Importing Target Definition: Min_Car_Prices_Saikrishna ...
06/19/2023 06:36:38 **** Importing SessionConfig: default_session_config ...
    <Warning> :  The Error Log DB Connection value should have Relational: as the prefix.
    <Warning> :  Invalid value  for attribute Error Log DB Connection. Will use the default value 
    Validating Source Definition  Cars...
    Validating Target Definition  Min_Car_Prices_Saikrishna...
    Validating Target Definition  Max_Car_Prices_Saikrishna...
06/19/2023 06:36:38 **** Importing Mapping: Mapping0 ...
    <Warning> :  transformation: Source - Invalid value  for attribute Output is repeatable. Will use the default value Never    [transformation< Source > ] 
Validating transformations of mapping Mapping0...
Validating mapping variable(s).
06/19/2023 06:36:38 **** Importing Workflow: wf_mtt_0124HE0Z000000000003 ...
    <Warning> :  Invalid value None for attribute Pushdown Optimization Context. Will use the default value None     [Session< s_mtt_0124HE0Z000000000003 > ] 
    <Warning> :  The value entered is not a valid integer.
    <Warning> :  Invalid value NO for attribute Fail task after wait time. Will use the default value 
Successfully extracted session instance [s_mtt_0124HE0Z000000000003].  Starting repository sequence id is [581915989]
DIRECTOR> VAR_27085 [2023-06-19 06:36:38.346] Parameter file [/data2/home/cldagnt/SystemAgent/apps/Data_Integration_Server/data/0124HE0E0000000000B7/0124HE/parameters/s_mtt_0124HE0Z000000000003.param] is opened for [session [wf_mtt_0124HE0Z000000000003.s_mtt_0124HE0Z000000000003]].
DIRECTOR> VAR_27062 [2023-06-19 06:36:38.346] Warning! Cannot find section for worklet [wf_mtt_0124HE0Z000000000003] and folder [] in parameter file [/data2/home/cldagnt/SystemAgent/apps/Data_Integration_Server/data/0124HE0E0000000000B7/0124HE/parameters/s_mtt_0124HE0Z000000000003.param].
DIRECTOR> TM_6014 [2023-06-19 06:36:38.347] Initializing session [s_mtt_0124HE0Z000000000003] at [Mon Jun 19 06:36:38 2023].
DIRECTOR> TM_6683 [2023-06-19 06:36:38.347] Repository Name: [XMLRepository]
DIRECTOR> TM_6684 [2023-06-19 06:36:38.347] Server Name: [rDTM]
DIRECTOR> TM_6686 [2023-06-19 06:36:38.347] Folder: []
DIRECTOR> TM_6685 [2023-06-19 06:36:38.347] Workflow: [wf_mtt_0124HE0Z000000000003] Run Instance Name: [] Run Id: [0]
DIRECTOR> TM_6992 [2023-06-19 06:36:38.347] Operating System Type [Linux]
DIRECTOR> TM_6101 [2023-06-19 06:36:38.347] Mapping name: Mapping0.
DIRECTOR> TM_6964 [2023-06-19 06:36:38.347] Date format for the Session is [MM/DD/YYYY HH24:MI:SS.US]
DIRECTOR> TM_6703 [2023-06-19 06:36:38.347] Session [s_mtt_0124HE0Z000000000003] is run by 64-bit Integration Service  [], version [10.2.0 HotFix2], build [0320].
MANAGER> PETL_24091 [2023-06-19 06:36:38.358] Thread [MANAGER] has the ID [1].
MANAGER> PETL_24058 [2023-06-19 06:36:38.358] Running Partition Group [1].
MANAGER> PETL_24000 [2023-06-19 06:36:38.358] Parallel Pipeline Engine initializing.
MONITOR> PETL_24091 [2023-06-19 06:36:38.358] Thread [MONITOR] has the ID [2].
MANAGER> PETL_24001 [2023-06-19 06:36:38.359] Parallel Pipeline Engine running.
MANAGER> PETL_24003 [2023-06-19 06:36:38.359] Initializing session run.
MAPPING> PETL_24091 [2023-06-19 06:36:38.359] Thread [MAPPING] has the ID [3].
MAPPING> CMN_1569 [2023-06-19 06:36:38.361] Server Mode: [UNICODE]
MAPPING> CMN_1570 [2023-06-19 06:36:38.361] Server Code page: [ISO 8859-1 Western European]
MAPPING> TM_6151 [2023-06-19 06:36:38.361] The session sort order is [Binary].
MAPPING> TM_6185 [2023-06-19 06:36:38.361] Warning. Code page validation is disabled in this session.
MAPPING> CMN_65110 [2023-06-19 06:36:38.361] Current Timezone:[UTC -5:0]
MAPPING> CMN_65111 [2023-06-19 06:36:38.361] Current Process ID:[19420]
MAPPING> TM_6155 [2023-06-19 06:36:38.361] Using HIGH precision processing.
MAPPING> TM_6180 [2023-06-19 06:36:38.361] Deadlock retry logic will not be implemented.
MAPPING> TM_6187 [2023-06-19 06:36:38.361] Session target-based commit interval is [10000].
MAPPING> TM_6307 [2023-06-19 06:36:38.361] DTM error log disabled. 
MAPPING> TE_7022 [2023-06-19 06:36:38.361] TShmWriter: Initialized
MAPPING> DBG_21694 [2023-06-19 06:36:38.363] MaxAggregator Partition [0]: Index cache size = [1000000], Data cache size = [2000000]
MAPPING> TE_7212 [2023-06-19 06:36:38.363] Increasing [Index Cache] size for transformation [MaxAggregator] from [1000000] to [3586048].
MAPPING> TE_7212 [2023-06-19 06:36:38.363] Increasing [Data Cache] size for transformation [MaxAggregator] from [2000000] to [2097600].
MAPPING> TE_7029 [2023-06-19 06:36:38.363] Aggregate Information: Creating New Index and Data Files
MAPPING> TE_7034 [2023-06-19 06:36:38.363] Aggregate Information: Index file is [/data2/home/cldagnt/SystemAgent/apps/Data_Integration_Server/data/0124HE0E0000000000B7/0124HE/cache/PMAGG581916029_5_0.idx]
MAPPING> TE_7035 [2023-06-19 06:36:38.363] Aggregate Information: Data file is [/data2/home/cldagnt/SystemAgent/apps/Data_Integration_Server/data/0124HE0E0000000000B7/0124HE/cache/PMAGG581916029_5_0.dat]
MAPPING> DBG_21694 [2023-06-19 06:36:38.364] MinAggregator Partition [0]: Index cache size = [1000000], Data cache size = [2000000]
MAPPING> TE_7212 [2023-06-19 06:36:38.364] Increasing [Index Cache] size for transformation [MinAggregator] from [1000000] to [3586048].
MAPPING> TE_7212 [2023-06-19 06:36:38.364] Increasing [Data Cache] size for transformation [MinAggregator] from [2000000] to [2097600].
MAPPING> TE_7029 [2023-06-19 06:36:38.364] Aggregate Information: Creating New Index and Data Files
MAPPING> TE_7034 [2023-06-19 06:36:38.364] Aggregate Information: Index file is [/data2/home/cldagnt/SystemAgent/apps/Data_Integration_Server/data/0124HE0E0000000000B7/0124HE/cache/PMAGG581916029_6_0.idx]
MAPPING> TE_7035 [2023-06-19 06:36:38.364] Aggregate Information: Data file is [/data2/home/cldagnt/SystemAgent/apps/Data_Integration_Server/data/0124HE0E0000000000B7/0124HE/cache/PMAGG581916029_6_0.dat]
MAPPING> TM_6007 [2023-06-19 06:36:38.365] DTM initialized successfully for session [s_mtt_0124HE0Z000000000003]
DIRECTOR> PETL_24033 [2023-06-19 06:36:38.379] All DTM Connection Info: [<NONE>].
MANAGER> PETL_24004 [2023-06-19 06:36:38.379] Starting pre-session tasks. : (Mon Jun 19 06:36:38 2023)
PRE-SESS> PETL_24091 [2023-06-19 06:36:38.379] Thread [PRE-SESS] has the ID [4].
PRE-SESS> DBG_21349 [2023-06-19 06:36:38.380] No load constraints for Target [Max_Car_Prices_Saikrishna]. It does not reference any primary table from the same active source or transaction generator.
PRE-SESS> DBG_21349 [2023-06-19 06:36:38.380] No load constraints for Target [Min_Car_Prices_Saikrishna]. It does not reference any primary table from the same active source or transaction generator.
PRE-SESS> DBG_21104 [2023-06-19 06:36:38.380] Determining truncate order for [Max_Car_Prices_Saikrishna] [instance id:2]
PRE-SESS> DBG_21531 [2023-06-19 06:36:38.380]     Truncate order for [Max_Car_Prices_Saikrishna] [instance id:2] determined successfully
PRE-SESS> DBG_21104 [2023-06-19 06:36:38.380] Determining truncate order for [Min_Car_Prices_Saikrishna] [instance id:3]
PRE-SESS> DBG_21531 [2023-06-19 06:36:38.380]     Truncate order for [Min_Car_Prices_Saikrishna] [instance id:3] determined successfully
PRE-SESS> CMN_1021 [2023-06-19 06:36:49.603] Database driver event...
CMN_1021 [ODBC Event Using array fetches.
ODBC Event Using Single Row Inserts. connect string = [Driver=MySQL ODBC 8.0 Unicode Driver;Server=db4free.net;Database=fstm4db;Port=3306;USER=fstm4db;NO_SSPS=1;stmt=set time_zone = '+00:00';OPTION=3;SSLMODE=DISABLED]. userid = [fstm4db]
ODBC Version:	03.52
.
DBMS Name:	MySQL
.
DBMS Version:	8.0.33
.
Driver Name:	libmyodbc8w.so
.
Driver Version:	08.00.0012
.
Driver ODBC Version:	03.80
.
MySQL rewrite batch optimization is disabled with maximum bind parameter size set to 2500.]

PRE-SESS> WRT_8365 [2023-06-19 06:36:49.603] Starting truncate for target table [fstm4db.Max_Car_Prices_Saikrishna]. : (Mon Jun 19 06:36:49 2023)
PRE-SESS> WRT_8451 [2023-06-19 06:36:49.603] Query used for Truncate table [TRUNCATE TABLE fstm4db.Max_Car_Prices_Saikrishna]
PRE-SESS> WRT_8022 [2023-06-19 06:36:56.526] Truncate table for table [fstm4db.Max_Car_Prices_Saikrishna] succeeded. : (Mon Jun 19 06:36:56 2023)
PRE-SESS> WRT_8365 [2023-06-19 06:36:56.526] Starting truncate for target table [fstm4db.Min_Car_Prices_Saikrishna]. : (Mon Jun 19 06:36:56 2023)
PRE-SESS> WRT_8451 [2023-06-19 06:36:56.526] Query used for Truncate table [TRUNCATE TABLE fstm4db.Min_Car_Prices_Saikrishna]
PRE-SESS> WRT_8022 [2023-06-19 06:37:01.358] Truncate table for table [fstm4db.Min_Car_Prices_Saikrishna] succeeded. : (Mon Jun 19 06:37:01 2023)
MANAGER> PETL_24027 [2023-06-19 06:37:01.651] Pre-session task completed successfully. : (Mon Jun 19 06:37:01 2023)
DIRECTOR> PETL_24006 [2023-06-19 06:37:01.651] Starting data movement.
MAPPING> TM_6660 [2023-06-19 06:37:01.652] Total Buffer Pool size is 4419040 bytes and Block size is 155680 bytes.
READER_1_1_1> PETL_24091 [2023-06-19 06:37:01.653] Thread [READER_1_1_1] has the ID [5].
READER_1_1_1> DBG_21438 [2023-06-19 06:37:01.654] Reader: Source is [odbc://dbtype=MySQL;host=db4free.net;port=3306;database=fstm4db], Type [ODBC], User [fstm4db]
READER_1_1_1> BLKR_16051 [2023-06-19 06:37:01.654] Source database connection [Conn_0124HE0B000000000002] code page: [MS Windows Latin 1 (ANSI), superset of Latin1]
READER_1_1_1> CMN_1021 [2023-06-19 06:37:01.654] Database driver event...
CMN_1021 [Driver Manager used is [UnixODBC 2.3.4].]

READER_1_1_1> CMN_1021 [2023-06-19 06:37:12.539] Database driver event...
CMN_1021 [ODBC Event Using array fetches.
ODBC Event Using Single Row Inserts. connect string = [Driver=MySQL ODBC 8.0 Unicode Driver;Server=db4free.net;Database=fstm4db;Port=3306;USER=fstm4db;NO_SSPS=1;stmt=set time_zone = '+00:00';OPTION=3;SSLMODE=DISABLED]. userid = [fstm4db]
ODBC Version:	03.52
.
DBMS Name:	MySQL
.
DBMS Version:	8.0.33
.
Driver Name:	libmyodbc8w.so
.
Driver Version:	08.00.0012
.
Driver ODBC Version:	03.80
.
MySQL rewrite batch optimization is disabled with maximum bind parameter size set to 2500.]

READER_1_1_1> BLKR_16003 [2023-06-19 06:37:12.539] Initialization completed successfully.
TRANSF_1_1_1> PETL_24091 [2023-06-19 06:37:12.540] Thread [TRANSF_1_1_1] has the ID [6].
WRITER_1_*_1> PETL_24091 [2023-06-19 06:37:12.540] Thread [WRITER_1_*_1] has the ID [7].
WRITER_1_*_1> WRT_8147 [2023-06-19 06:37:12.541] Writer: Target is Database [odbc://dbtype=MySQL;host=db4free.net;port=3306;database=fstm4db], Type [ODBC], User [fstm4db], Bulk Mode [OFF]
WRITER_1_*_1> CMN_1021 [2023-06-19 06:37:12.541] Database driver event...
CMN_1021 [Driver Manager used is [UnixODBC 2.3.4].]

WRITER_1_*_1> CMN_1021 [2023-06-19 06:37:16.464] Database driver event...
CMN_1021 [ODBC Event Using array fetches.
ODBC Event Using Single Row Inserts. connect string = [Driver=MySQL ODBC 8.0 Unicode Driver;Server=db4free.net;Database=fstm4db;Port=3306;USER=fstm4db;NO_SSPS=1;stmt=set time_zone = '+00:00';OPTION=3;SSLMODE=DISABLED]. userid = [fstm4db]
ODBC Version:	03.52
.
DBMS Name:	MySQL
.
DBMS Version:	8.0.33
.
Driver Name:	libmyodbc8w.so
.
Driver Version:	08.00.0012
.
Driver ODBC Version:	03.80
.
MySQL rewrite batch optimization is disabled with maximum bind parameter size set to 2500.]

WRITER_1_*_1> WRT_8221 [2023-06-19 06:37:17.060] Target database connection [Conn_0124HE0B000000000002] code page: [MS Windows Latin 1 (ANSI), superset of Latin1]
WRITER_1_*_1> WRT_8124 [2023-06-19 06:37:17.061] Target Table Max_Car_Prices_Saikrishna :SQL INSERT statement:
INSERT INTO fstm4db.Max_Car_Prices_Saikrishna(Car_ID,Car_Name,Max_Car_Price)  VALUES ( ?, ?, ?) 
WRITER_1_*_1> WRT_8020 [2023-06-19 06:37:17.061] No column marked as primary key for table [Max_Car_Prices_Saikrishna]. UPDATEs Not Supported.
WRITER_1_*_1> WRT_8147 [2023-06-19 06:37:17.061] Writer: Target is Database [odbc://dbtype=MySQL;host=db4free.net;port=3306;database=fstm4db], Type [ODBC], User [fstm4db], Bulk Mode [OFF]
WRITER_1_*_1> WRT_8124 [2023-06-19 06:37:17.062] Target Table Min_Car_Prices_Saikrishna :SQL INSERT statement:
INSERT INTO fstm4db.Min_Car_Prices_Saikrishna(Car_ID,Car_Name,Min_Car_Price)  VALUES ( ?, ?, ?) 
WRITER_1_*_1> WRT_8020 [2023-06-19 06:37:17.062] No column marked as primary key for table [Min_Car_Prices_Saikrishna]. UPDATEs Not Supported.
WRITER_1_*_1> WRT_8270 [2023-06-19 06:37:17.062] Target connection group #1 consists of target(s) [Max_Car_Prices_Saikrishna, Min_Car_Prices_Saikrishna]
WRITER_1_*_1> WRT_8003 [2023-06-19 06:37:17.062] Writer initialization complete.
READER_1_1_1> BLKR_16007 [2023-06-19 06:37:17.062] Reader run started.
WRITER_1_*_1> WRT_8005 [2023-06-19 06:37:17.062] Writer run started.
WRITER_1_*_1> WRT_8158 [2023-06-19 06:37:17.062] 

*****START LOAD SESSION*****

Load Start Time: Mon Jun 19 06:37:16 2023

Target tables:

     Max_Car_Prices_Saikrishna
     Min_Car_Prices_Saikrishna


READER_1_1_1> RR_4010 [2023-06-19 06:37:17.062] SQ instance [Source] SQL Query [SELECT fstm4db.Cars.Car_ID, fstm4db.Cars.Car_Name, fstm4db.Cars.Car_Country, fstm4db.Cars.Car_Price FROM fstm4db.Cars]
READER_1_1_1> RR_4049 [2023-06-19 06:37:17.062] SQL Query issued to database : (Mon Jun 19 06:37:17 2023)
READER_1_1_1> RR_4050 [2023-06-19 06:37:17.361] First row returned from database to reader : (Mon Jun 19 06:37:17 2023)
READER_1_1_1> BLKR_16019 [2023-06-19 06:37:17.361] Read [100] rows, read [0] error rows for source table [Cars] instance name [Cars]
READER_1_1_1> BLKR_16008 [2023-06-19 06:37:17.361] Reader run completed.
TRANSF_1_1_1> TE_7032 [2023-06-19 06:37:17.369] The B-Tree being managed in files
/data2/home/cldagnt/SystemAgent/apps/Data_Integration_Server/data/0124HE0E0000000000B7/0124HE/cache/PMAGG581916029_5_0.dat for Data and

/data2/home/cldagnt/SystemAgent/apps/Data_Integration_Server/data/0124HE0E0000000000B7/0124HE/cache/PMAGG581916029_5_0.idx for Index has:
	Index Size:	515
	Row Size:	32
	Order:		100
	Minimum Order:	50
	Height:		1
	Entries:	20
	IndexPageSize:	52736
	IndexPages:	68
	DataPageSize:	552
	DataPages:	3800

WRITER_1_*_1> WRT_8167 [2023-06-19 06:37:17.369] Start loading table [Max_Car_Prices_Saikrishna] at: Mon Jun 19 06:37:16 2023
TRANSF_1_1_1> TE_7032 [2023-06-19 06:37:17.369] The B-Tree being managed in files
/data2/home/cldagnt/SystemAgent/apps/Data_Integration_Server/data/0124HE0E0000000000B7/0124HE/cache/PMAGG581916029_6_0.dat for Data and

/data2/home/cldagnt/SystemAgent/apps/Data_Integration_Server/data/0124HE0E0000000000B7/0124HE/cache/PMAGG581916029_6_0.idx for Index has:
	Index Size:	515
	Row Size:	32
	Order:		100
	Minimum Order:	50
	Height:		1
	Entries:	20
	IndexPageSize:	52736
	IndexPages:	68
	DataPageSize:	552
	DataPages:	3800

TRANSF_1_1_1> DBG_21216 [2023-06-19 06:37:17.369] Finished transformations for Source Qualifier [Source]. Total errors [0] 
WRITER_1_*_1> WRT_8167 [2023-06-19 06:37:23.847] Start loading table [Min_Car_Prices_Saikrishna] at: Mon Jun 19 06:37:22 2023
WRITER_1_*_1> WRT_8168 [2023-06-19 06:37:31.502] End loading table [Max_Car_Prices_Saikrishna] at: Mon Jun 19 06:37:30 2023
WRITER_1_*_1> WRT_8141 [2023-06-19 06:37:32.215] 
Commit on end-of-data  Mon Jun 19 06:37:31 2023
===================================================

WRT_8036 Target: Max_Car_Prices_Saikrishna (Instance Name: [Max_Car_Prices_Saikrishna])
WRT_8038 Inserted rows - Requested: 20         Applied: 20         Rejected: 0          Affected: 20        

WRT_8036 Target: Min_Car_Prices_Saikrishna (Instance Name: [Min_Car_Prices_Saikrishna])
WRT_8038 Inserted rows - Requested: 20         Applied: 20         Rejected: 0          Affected: 20        

WRITER_1_*_1> WRT_8168 [2023-06-19 06:37:32.215] End loading table [Min_Car_Prices_Saikrishna] at: Mon Jun 19 06:37:31 2023
WRITER_1_*_1> WRT_8035 [2023-06-19 06:37:32.215] Load complete time: Mon Jun 19 06:37:31 2023

LOAD SUMMARY
============

WRT_8036 Target: Max_Car_Prices_Saikrishna (Instance Name: [Max_Car_Prices_Saikrishna])
WRT_8038 Inserted rows - Requested: 20         Applied: 20         Rejected: 0          Affected: 20        

WRT_8036 Target: Min_Car_Prices_Saikrishna (Instance Name: [Min_Car_Prices_Saikrishna])
WRT_8038 Inserted rows - Requested: 20         Applied: 20         Rejected: 0          Affected: 20        


WRITER_1_*_1> WRT_8043 [2023-06-19 06:37:32.215] *****END LOAD SESSION*****
WRITER_1_*_1> WRT_8006 [2023-06-19 06:37:32.516] Writer run completed.
MANAGER> PETL_24031 [2023-06-19 06:37:32.517] 
***** RUN INFO FOR TGT LOAD ORDER GROUP [1], CONCURRENT SET [1] *****
Thread [READER_1_1_1] created for [the read stage] of partition point [Source] has completed.
	Total Run Time = [0.596580] secs
	Total Idle Time = [0.000000] secs
	Busy Percentage = [100.000000]
Thread [TRANSF_1_1_1] created for [the transformation stage] of partition point [Source] has completed. The total run time was insufficient for any meaningful statistics.
Thread [WRITER_1_*_1] created for [the write stage] of partition point [Max_Car_Prices_Saikrishna, Min_Car_Prices_Saikrishna] has completed.
	Total Run Time = [15.147415] secs
	Total Idle Time = [0.000000] secs
	Busy Percentage = [100.000000]

MAPPING> CMN_1791 [2023-06-19 06:37:32.517] The index cache size that would hold [20] aggregate groups of input rows for [MaxAggregator], in memory, is [52736] bytes
MAPPING> CMN_1790 [2023-06-19 06:37:32.517] The data cache size that would hold [20] aggregate groups of input rows for [MaxAggregator], in memory, is [1104] bytes
MAPPING> CMN_1791 [2023-06-19 06:37:32.517] The index cache size that would hold [20] aggregate groups of input rows for [MinAggregator], in memory, is [52736] bytes
MAPPING> CMN_1790 [2023-06-19 06:37:32.517] The data cache size that would hold [20] aggregate groups of input rows for [MinAggregator], in memory, is [1104] bytes
MANAGER> PETL_24005 [2023-06-19 06:37:32.517] Starting post-session tasks. : (Mon Jun 19 06:37:32 2023)
POST-SESS> PETL_24091 [2023-06-19 06:37:32.517] Thread [POST-SESS] has the ID [8].
MANAGER> PETL_24029 [2023-06-19 06:37:32.518] Post-session task completed successfully. : (Mon Jun 19 06:37:32 2023)
MAPPING> TM_6018 [2023-06-19 06:37:32.518] The session completed with [0] row transformation errors. 
MANAGER> TE_7216 [2023-06-19 06:37:32.518] Deleting cache files [/data2/home/cldagnt/SystemAgent/apps/Data_Integration_Server/data/0124HE0E0000000000B7/0124HE/cache/PMAGG581916029_5_0.idx] for transformation [MaxAggregator].
MANAGER> TE_7216 [2023-06-19 06:37:32.518] Deleting cache files [/data2/home/cldagnt/SystemAgent/apps/Data_Integration_Server/data/0124HE0E0000000000B7/0124HE/cache/PMAGG581916029_5_0.dat] for transformation [MaxAggregator].
MANAGER> TE_7216 [2023-06-19 06:37:32.519] Deleting cache files [/data2/home/cldagnt/SystemAgent/apps/Data_Integration_Server/data/0124HE0E0000000000B7/0124HE/cache/PMAGG581916029_6_0.idx] for transformation [MinAggregator].
MANAGER> TE_7216 [2023-06-19 06:37:32.519] Deleting cache files [/data2/home/cldagnt/SystemAgent/apps/Data_Integration_Server/data/0124HE0E0000000000B7/0124HE/cache/PMAGG581916029_6_0.dat] for transformation [MinAggregator].
MANAGER> PETL_24002 [2023-06-19 06:37:32.897] Parallel Pipeline Engine finished.
DIRECTOR> PETL_24012 [2023-06-19 06:37:32.897] Session run completed successfully.
DIRECTOR> TM_6022 [2023-06-19 06:37:32.897] 

SESSION LOAD SUMMARY
================================================

DIRECTOR> TM_6252 [2023-06-19 06:37:32.897] Source Load Summary.
DIRECTOR> CMN_1740 [2023-06-19 06:37:32.897] Table: [Source] (Instance Name: [Source] Instance UI Name: [Source])
	 Output Rows [100], Affected Rows [100], Applied Rows [100], Rejected Rows [0]
DIRECTOR> TM_6253 [2023-06-19 06:37:32.897] Target Load Summary.
DIRECTOR> CMN_1740 [2023-06-19 06:37:32.897] Table: [Max_Car_Prices_Saikrishna] (Instance Name: [Max_Car_Prices_Saikrishna] Instance UI Name: [Max_Car_Prices])
	 Output Rows [20], Affected Rows [20], Applied Rows [20], Rejected Rows [0]
DIRECTOR> CMN_1740 [2023-06-19 06:37:32.897] Table: [Min_Car_Prices_Saikrishna] (Instance Name: [Min_Car_Prices_Saikrishna] Instance UI Name: [Min_Car_Prices])
	 Output Rows [20], Affected Rows [20], Applied Rows [20], Rejected Rows [0]
DIRECTOR> TM_6023 [2023-06-19 06:37:32.897] 
===================================================

DIRECTOR> TM_6020 [2023-06-19 06:37:32.897] Session [s_mtt_0124HE0Z000000000003] completed at [Mon Jun 19 06:37:32 2023].
